\BOOKMARK [1][-]{section.1}{Motivation}{}% 1
\BOOKMARK [1][-]{section.2}{Data}{}% 2
\BOOKMARK [2][-]{subsection.2.1}{Stimulus}{section.2}% 3
\BOOKMARK [1][-]{section.3}{Methods}{}% 4
\BOOKMARK [2][-]{subsection.3.1}{Binning data}{section.3}% 5
\BOOKMARK [2][-]{subsection.3.2}{Pairing strongly responding neurons}{section.3}% 6
\BOOKMARK [2][-]{subsection.3.3}{Correlation coefficients}{section.3}% 7
\BOOKMARK [3][-]{subsubsection.3.3.1}{Spike Count Correlation, rSC}{subsection.3.3}% 8
\BOOKMARK [3][-]{subsubsection.3.3.2}{Signal Correlation, rsignal}{subsection.3.3}% 9
\BOOKMARK [3][-]{subsubsection.3.3.3}{Separating Correlations \046 Anti-correlations}{subsection.3.3}% 10
\BOOKMARK [2][-]{subsection.3.4}{Mutual Information}{section.3}% 11
\BOOKMARK [3][-]{subsubsection.3.4.1}{Entropy H\(X\)}{subsection.3.4}% 12
\BOOKMARK [3][-]{subsubsection.3.4.2}{Mutual Information I\(X;Y\)}{subsection.3.4}% 13
\BOOKMARK [1][-]{section.4}{Results}{}% 14
\BOOKMARK [2][-]{subsection.4.1}{Varying bin width}{section.4}% 15
\BOOKMARK [3][-]{subsubsection.4.1.1}{Spike count correlations at various bin widths}{subsection.4.1}% 16
\BOOKMARK [3][-]{subsubsection.4.1.2}{Correlations \046 Anti-correlations}{subsection.4.1}% 17
\BOOKMARK [3][-]{subsubsection.4.1.3}{Signal Correlations}{subsection.4.1}% 18
\BOOKMARK [3][-]{subsubsection.4.1.4}{Mutual Information}{subsection.4.1}% 19
\BOOKMARK [2][-]{subsection.4.2}{Spike count correlation \046 Mutual Information distributions}{section.4}% 20
\BOOKMARK [3][-]{subsubsection.4.2.1}{Spike count correlation histograms}{subsection.4.2}% 21
